<?xml version="1.0" encoding="UTF-8"?>
<!-- Generated by org.testng.reporters.JUnitXMLReporter -->
<testsuite ignored="4" hostname="NITHIYAPRASAD" failures="0" tests="11" name="Test" time="136.391" errors="0" timestamp="2023-10-02T22:37:06 IST">
  <testcase classname="PageRunner.SiteNavigationRunner" name="CheckCountry" time="15.074"/>
  <testcase classname="PageRunner.SiteNavigationRunner" name="survey_window" time="30.057"/>
  <testcase classname="PageRunner.AccountCreationRunner" name="clickAccountCreation" time="0.906"/>
  <testcase classname="PageRunner.AccountCreationRunner" name="validateAccountPopup" time="7.157"/>
  <testcase classname="PageRunner.SignupRunner" name="SignUpValidation" time="0.398"/>
  <testcase classname="PageRunner.SignupRunner" name="blankRegistration" time="1.397"/>
  <testcase classname="PageRunner.SignupRunner" name="invalidFirstName" time="5.551"/>
  <testcase classname="PageRunner.SignupRunner" name="invalidLastName" time="9.403"/>
  <testcase classname="PageRunner.SignupRunner" name="validEmailandRegisterForm" time="5.428"/>
  <testcase classname="PageRunner.SignupRunner" name="validFnamelNameEmailandRegisterForm" time="8.508"/>
  <testcase classname="PageRunner.SignupRunner" name="ValidateAllFields" time="45.302"/>
  <testcase classname="DriverSetup.BrowserSetup" name="@AfterSuite closeDriverObjects" time="0.0">
    <ignored/>
  </testcase> <!-- @AfterSuite closeDriverObjects -->
  <testcase classname="DriverSetup.BrowserSetup" name="@AfterSuite closeDriverObjects" time="0.0">
    <ignored/>
  </testcase> <!-- @AfterSuite closeDriverObjects -->
  <testcase classname="DriverSetup.BrowserSetup" name="@BeforeTest setUp" time="0.0">
    <ignored/>
  </testcase> <!-- @BeforeTest setUp -->
  <testcase classname="DriverSetup.BrowserSetup" name="@BeforeTest setUp" time="0.0">
    <ignored/>
  </testcase> <!-- @BeforeTest setUp -->
</testsuite> <!-- Test -->
